Iniciando simulador de sensores IoT...
[sensor-01][temperature] Resolviendo localhost:9000
[sensor-02][temperature] Resolviendo localhost:9000
[sensor-03][vibration] Resolviendo localhost:9000
[sensor-04][energy] Resolviendo localhost:9000
[sensor-05][humidity] Resolviendo localhost:9000
[sensor-06][operational] Resolviendo localhost:9000
[sensor-04][energy] Conexión establecida
[sensor-04][energy] -> REGISTER|sensor-04|energy|substation
[sensor-01][temperature] Conexión establecida
[sensor-01][temperature] -> REGISTER|sensor-01|temperature|plant-a
[sensor-02][temperature] Conexión establecida
[sensor-02][temperature] -> REGISTER|sensor-02|temperature|boiler-room
[sensor-05][humidity] Conexión establecida
[sensor-05][humidity] -> REGISTER|sensor-05|humidity|warehouse
[sensor-06][operational] Conexión establecida
[sensor-06][operational] -> REGISTER|sensor-06|operational|assembly-line
[sensor-03][vibration] Conexión establecida
[sensor-03][vibration] -> REGISTER|sensor-03|vibration|motor-room
[sensor-01][temperature] <- OK REGISTERED
[sensor-01][temperature] -> DATA|sensor-01|temperature|20.46|C|2026-04-03T20:51:11Z
[sensor-02][temperature] <- OK REGISTERED
[sensor-02][temperature] -> DATA|sensor-02|temperature|46.87|C|2026-04-03T20:51:11Z
[sensor-03][vibration] <- OK REGISTERED
[sensor-03][vibration] -> DATA|sensor-03|vibration|1.9|Hz|2026-04-03T20:51:11Z
[sensor-04][energy] <- OK REGISTERED
[sensor-04][energy] -> DATA|sensor-04|energy|322.47|W|2026-04-03T20:51:11Z
[sensor-05][humidity] <- OK REGISTERED
[sensor-05][humidity] -> DATA|sensor-05|humidity|49.86|%|2026-04-03T20:51:11Z
[sensor-06][operational] <- OK REGISTERED
[sensor-06][operational] -> DATA|sensor-06|operational|OK|state|2026-04-03T20:51:11Z
[sensor-01][temperature] <- OK DATA
[sensor-02][temperature] <- OK DATA
[sensor-03][vibration] <- OK DATA
[sensor-04][energy] <- OK DATA
[sensor-05][humidity] <- OK DATA
[sensor-06][operational] <- OK DATA
[sensor-03][vibration] -> DATA|sensor-03|vibration|3.96|Hz|2026-04-03T20:51:13Z
[sensor-03][vibration] <- OK DATA
[sensor-02][temperature] -> DATA|sensor-02|temperature|59.52|C|2026-04-03T20:51:14Z
[sensor-02][temperature] <- OK DATA
[sensor-04][energy] -> DATA|sensor-04|energy|636.25|W|2026-04-03T20:51:14Z
[sensor-04][energy] <- OK DATA
[sensor-01][temperature] -> DATA|sensor-01|temperature|26.67|C|2026-04-03T20:51:14Z
[sensor-01][temperature] <- OK DATA
[sensor-06][operational] -> DATA|sensor-06|operational|OK|state|2026-04-03T20:51:15Z
[sensor-06][operational] <- OK DATA
[sensor-02][temperature] -> DATA|sensor-02|temperature|51.17|C|2026-04-03T20:51:15Z
[sensor-02][temperature] <- OK DATA
[sensor-05][humidity] -> DATA|sensor-05|humidity|42.21|%|2026-04-03T20:51:16Z
[sensor-05][humidity] <- OK DATA
[sensor-03][vibration] -> DATA|sensor-03|vibration|1.3|Hz|2026-04-03T20:51:16Z
[sensor-03][vibration] <- OK DATA
[sensor-01][temperature] -> DATA|sensor-01|temperature|25.3|C|2026-04-03T20:51:17Z
[sensor-01][temperature] <- OK DATA
[sensor-04][energy] -> DATA|sensor-04|energy|1475.66|W|2026-04-03T20:51:17Z
[sensor-04][energy] <- OK DATA
[sensor-02][temperature] -> DATA|sensor-02|temperature|61.91|C|2026-04-03T20:51:18Z
[sensor-02][temperature] <- OK DATA
[sensor-03][vibration] -> DATA|sensor-03|vibration|4.41|Hz|2026-04-03T20:51:18Z
[sensor-03][vibration] <- OK DATA
[sensor-05][humidity] -> DATA|sensor-05|humidity|50.12|%|2026-04-03T20:51:19Z
[sensor-05][humidity] <- OK DATA
[sensor-06][operational] -> DATA|sensor-06|operational|FAIL|state|2026-04-03T20:51:19Z
[sensor-06][operational] <- OK DATA
[sensor-02][temperature] -> DATA|sensor-02|temperature|58.86|C|2026-04-03T20:51:19Z
[sensor-02][temperature] <- OK DATA
[sensor-02][temperature] -> HEARTBEAT|sensor-02|2026-04-03T20:51:19Z
[sensor-02][temperature] <- OK HEARTBEAT
[sensor-01][temperature] -> DATA|sensor-01|temperature|26.44|C|2026-04-03T20:51:19Z
[sensor-01][temperature] <- OK DATA
[sensor-03][vibration] -> DATA|sensor-03|vibration|3.5|Hz|2026-04-03T20:51:20Z
[sensor-03][vibration] <- OK DATA
[sensor-03][vibration] -> HEARTBEAT|sensor-03|2026-04-03T20:51:20Z
[sensor-03][vibration] <- OK HEARTBEAT
[sensor-04][energy] -> DATA|sensor-04|energy|428.47|W|2026-04-03T20:51:20Z
[sensor-04][energy] <- OK DATA
[sensor-02][temperature] -> DATA|sensor-02|temperature|51.16|C|2026-04-03T20:51:20Z
[sensor-02][temperature] <- OK DATA
[sensor-03][vibration] -> DATA|sensor-03|vibration|1.91|Hz|2026-04-03T20:51:21Z
[sensor-03][vibration] <- OK DATA
[sensor-01][temperature] -> DATA|sensor-01|temperature|26.19|C|2026-04-03T20:51:21Z
[sensor-01][temperature] <- OK DATA
[sensor-01][temperature] -> HEARTBEAT|sensor-01|2026-04-03T20:51:21Z
[sensor-01][temperature] <- OK HEARTBEAT
[sensor-02][temperature] -> DATA|sensor-02|temperature|88.65|C|2026-04-03T20:51:21Z
[sensor-02][temperature] <- OK DATA
[sensor-04][energy] -> DATA|sensor-04|energy|579.71|W|2026-04-03T20:51:22Z
[sensor-04][energy] <- OK DATA
[sensor-04][energy] -> HEARTBEAT|sensor-04|2026-04-03T20:51:22Z
[sensor-04][energy] <- OK HEARTBEAT
[sensor-05][humidity] -> DATA|sensor-05|humidity|84.01|%|2026-04-03T20:51:22Z
[sensor-05][humidity] <- OK DATA
[sensor-01][temperature] -> DATA|sensor-01|temperature|27.26|C|2026-04-03T20:51:23Z
[sensor-01][temperature] <- OK DATA
[sensor-02][temperature] -> DATA|sensor-02|temperature|48.15|C|2026-04-03T20:51:23Z
[sensor-02][temperature] <- OK DATA
[sensor-06][operational] -> DATA|sensor-06|operational|OK|state|2026-04-03T20:51:23Z
[sensor-06][operational] <- OK DATA
[sensor-03][vibration] -> DATA|sensor-03|vibration|2.83|Hz|2026-04-03T20:51:23Z
[sensor-03][vibration] <- OK DATA
[sensor-05][humidity] -> DATA|sensor-05|humidity|52.16|%|2026-04-03T20:51:25Z
[sensor-05][humidity] <- OK DATA
[sensor-05][humidity] -> HEARTBEAT|sensor-05|2026-04-03T20:51:25Z
[sensor-05][humidity] <- OK HEARTBEAT
[sensor-02][temperature] -> DATA|sensor-02|temperature|101.27|C|2026-04-03T20:51:25Z
[sensor-02][temperature] <- OK DATA
[sensor-01][temperature] -> DATA|sensor-01|temperature|21.05|C|2026-04-03T20:51:25Z
[sensor-01][temperature] <- OK DATA
[sensor-03][vibration] -> DATA|sensor-03|vibration|9.74|Hz|2026-04-03T20:51:25Z
[sensor-03][vibration] <- OK DATA
[sensor-02][temperature] -> DATA|sensor-02|temperature|67.69|C|2026-04-03T20:51:26Z
[sensor-02][temperature] <- OK DATA
[sensor-02][temperature] -> HEARTBEAT|sensor-02|2026-04-03T20:51:26Z
[sensor-02][temperature] <- OK HEARTBEAT
[sensor-04][energy] -> DATA|sensor-04|energy|370.44|W|2026-04-03T20:51:26Z
[sensor-04][energy] <- OK DATA
[sensor-02][temperature] -> DATA|sensor-02|temperature|51.95|C|2026-04-03T20:51:27Z
[sensor-02][temperature] <- OK DATA
[sensor-05][humidity] -> DATA|sensor-05|humidity|57.63|%|2026-04-03T20:51:27Z
[sensor-05][humidity] <- OK DATA
[sensor-03][vibration] -> DATA|sensor-03|vibration|4.43|Hz|2026-04-03T20:51:28Z
[sensor-03][vibration] <- OK DATA
[sensor-06][operational] -> DATA|sensor-06|operational|WARNING|state|2026-04-03T20:51:28Z
[sensor-06][operational] <- OK DATA
[sensor-06][operational] -> HEARTBEAT|sensor-06|2026-04-03T20:51:28Z
[sensor-06][operational] <- OK HEARTBEAT
[sensor-01][temperature] -> DATA|sensor-01|temperature|27.47|C|2026-04-03T20:51:28Z
[sensor-01][temperature] <- OK DATA
[sensor-03][vibration] -> DATA|sensor-03|vibration|0.24|Hz|2026-04-03T20:51:29Z
[sensor-03][vibration] <- OK DATA
[sensor-03][vibration] -> HEARTBEAT|sensor-03|2026-04-03T20:51:29Z
[sensor-03][vibration] <- OK HEARTBEAT
[sensor-04][energy] -> DATA|sensor-04|energy|308.91|W|2026-04-03T20:51:29Z
[sensor-04][energy] <- OK DATA
[sensor-05][humidity] -> DATA|sensor-05|humidity|43.15|%|2026-04-03T20:51:30Z
[sensor-05][humidity] <- OK DATA
[sensor-02][temperature] -> DATA|sensor-02|temperature|57.28|C|2026-04-03T20:51:30Z
[sensor-02][temperature] <- OK DATA
[sensor-01][temperature] -> DATA|sensor-01|temperature|28.74|C|2026-04-03T20:51:30Z
[sensor-01][temperature] <- OK DATA
[sensor-03][vibration] -> DATA|sensor-03|vibration|0.52|Hz|2026-04-03T20:51:31Z
[sensor-03][vibration] <- OK DATA
[sensor-02][temperature] -> DATA|sensor-02|temperature|57.08|C|2026-04-03T20:51:32Z
[sensor-02][temperature] <- OK DATA
[sensor-06][operational] -> DATA|sensor-06|operational|WARNING|state|2026-04-03T20:51:32Z
[sensor-06][operational] <- OK DATA
[sensor-04][energy] -> DATA|sensor-04|energy|306.53|W|2026-04-03T20:51:32Z
[sensor-04][energy] <- OK DATA
[sensor-02][temperature] -> DATA|sensor-02|temperature|85.5|C|2026-04-03T20:51:33Z
[sensor-02][temperature] <- OK DATA
[sensor-01][temperature] -> DATA|sensor-01|temperature|28.1|C|2026-04-03T20:51:33Z
[sensor-01][temperature] <- OK DATA
[sensor-01][temperature] -> HEARTBEAT|sensor-01|2026-04-03T20:51:33Z
[sensor-01][temperature] <- OK HEARTBEAT
[sensor-03][vibration] -> DATA|sensor-03|vibration|11.44|Hz|2026-04-03T20:51:33Z
[sensor-03][vibration] <- OK DATA
[sensor-05][humidity] -> DATA|sensor-05|humidity|39.26|%|2026-04-03T20:51:34Z
[sensor-05][humidity] <- OK DATA
[sensor-03][vibration] -> DATA|sensor-03|vibration|3.8|Hz|2026-04-03T20:51:34Z
[sensor-03][vibration] <- OK DATA
[sensor-02][temperature] -> DATA|sensor-02|temperature|100.54|C|2026-04-03T20:51:35Z
[sensor-02][temperature] <- OK DATA
[sensor-02][temperature] -> HEARTBEAT|sensor-02|2026-04-03T20:51:35Z
[sensor-02][temperature] <- OK HEARTBEAT
[sensor-01][temperature] -> DATA|sensor-01|temperature|23.97|C|2026-04-03T20:51:35Z
[sensor-01][temperature] <- OK DATA
[sensor-04][energy] -> DATA|sensor-04|energy|386.08|W|2026-04-03T20:51:35Z
[sensor-04][energy] <- OK DATA
[sensor-03][vibration] -> DATA|sensor-03|vibration|2.49|Hz|2026-04-03T20:51:35Z
[sensor-03][vibration] <- OK DATA
[sensor-01][temperature] -> DATA|sensor-01|temperature|22.68|C|2026-04-03T20:51:36Z
[sensor-01][temperature] <- OK DATA
[sensor-06][operational] -> DATA|sensor-06|operational|OK|state|2026-04-03T20:51:36Z
[sensor-06][operational] <- OK DATA
[sensor-02][temperature] -> DATA|sensor-02|temperature|54.17|C|2026-04-03T20:51:37Z
[sensor-02][temperature] <- OK DATA
[sensor-03][vibration] -> DATA|sensor-03|vibration|2.56|Hz|2026-04-03T20:51:37Z
[sensor-03][vibration] <- OK DATA
[sensor-03][vibration] -> HEARTBEAT|sensor-03|2026-04-03T20:51:37Z
[sensor-03][vibration] <- OK HEARTBEAT
[sensor-05][humidity] -> DATA|sensor-05|humidity|50.05|%|2026-04-03T20:51:38Z
[sensor-05][humidity] <- OK DATA
[sensor-03][vibration] -> DATA|sensor-03|vibration|1.68|Hz|2026-04-03T20:51:38Z
[sensor-03][vibration] <- OK DATA
[sensor-02][temperature] -> DATA|sensor-02|temperature|53.2|C|2026-04-03T20:51:38Z
[sensor-02][temperature] <- OK DATA
[sensor-04][energy] -> DATA|sensor-04|energy|283.73|W|2026-04-03T20:51:40Z
[sensor-04][energy] <- OK DATA
[sensor-04][energy] -> HEARTBEAT|sensor-04|2026-04-03T20:51:40Z
[sensor-04][energy] <- OK HEARTBEAT
[sensor-01][temperature] -> DATA|sensor-01|temperature|21.86|C|2026-04-03T20:51:40Z
[sensor-01][temperature] <- OK DATA
[sensor-03][vibration] -> DATA|sensor-03|vibration|3.49|Hz|2026-04-03T20:51:41Z
[sensor-03][vibration] <- OK DATA
[sensor-06][operational] -> DATA|sensor-06|operational|OK|state|2026-04-03T20:51:41Z
[sensor-06][operational] <- OK DATA
[sensor-02][temperature] -> DATA|sensor-02|temperature|56.77|C|2026-04-03T20:51:42Z
[sensor-02][temperature] <- OK DATA
[sensor-05][humidity] -> DATA|sensor-05|humidity|91.85|%|2026-04-03T20:51:42Z
[sensor-05][humidity] <- OK DATA
[sensor-05][humidity] -> HEARTBEAT|sensor-05|2026-04-03T20:51:42Z
[sensor-05][humidity] <- OK HEARTBEAT
[sensor-01][temperature] -> DATA|sensor-01|temperature|22.7|C|2026-04-03T20:51:42Z
[sensor-01][temperature] <- OK DATA
[sensor-03][vibration] -> DATA|sensor-03|vibration|1.44|Hz|2026-04-03T20:51:42Z
[sensor-03][vibration] <- OK DATA
[sensor-02][temperature] -> DATA|sensor-02|temperature|65.53|C|2026-04-03T20:51:43Z
[sensor-02][temperature] <- OK DATA
[sensor-04][energy] -> DATA|sensor-04|energy|401.87|W|2026-04-03T20:51:44Z
[sensor-04][energy] <- OK DATA
[sensor-03][vibration] -> DATA|sensor-03|vibration|1.63|Hz|2026-04-03T20:51:44Z
[sensor-03][vibration] <- OK DATA
[sensor-02][temperature] -> DATA|sensor-02|temperature|51.62|C|2026-04-03T20:51:45Z
[sensor-02][temperature] <- OK DATA
[sensor-02][temperature] -> HEARTBEAT|sensor-02|2026-04-03T20:51:45Z
[sensor-02][temperature] <- OK HEARTBEAT
[sensor-01][temperature] -> DATA|sensor-01|temperature|23.81|C|2026-04-03T20:51:45Z
[sensor-01][temperature] <- OK DATA
[sensor-01][temperature] -> HEARTBEAT|sensor-01|2026-04-03T20:51:45Z
[sensor-01][temperature] <- OK HEARTBEAT
[sensor-02][temperature] -> DATA|sensor-02|temperature|57.16|C|2026-04-03T20:51:46Z
[sensor-02][temperature] <- OK DATA
[sensor-05][humidity] -> DATA|sensor-05|humidity|39.53|%|2026-04-03T20:51:46Z
[sensor-05][humidity] <- OK DATA
[sensor-03][vibration] -> DATA|sensor-03|vibration|2.61|Hz|2026-04-03T20:51:46Z
[sensor-03][vibration] <- OK DATA
[sensor-03][vibration] -> HEARTBEAT|sensor-03|2026-04-03T20:51:46Z
[sensor-03][vibration] <- OK HEARTBEAT
[sensor-06][operational] -> DATA|sensor-06|operational|WARNING|state|2026-04-03T20:51:46Z
[sensor-06][operational] <- OK DATA
[sensor-04][energy] -> DATA|sensor-04|energy|543.52|W|2026-04-03T20:51:46Z
[sensor-04][energy] <- OK DATA
[sensor-01][temperature] -> DATA|sensor-01|temperature|22.04|C|2026-04-03T20:51:46Z
[sensor-01][temperature] <- OK DATA
[sensor-02][temperature] -> DATA|sensor-02|temperature|61.24|C|2026-04-03T20:51:48Z
[sensor-02][temperature] <- OK DATA
[sensor-01][temperature] -> DATA|sensor-01|temperature|28.36|C|2026-04-03T20:51:48Z
[sensor-01][temperature] <- OK DATA
[sensor-03][vibration] -> DATA|sensor-03|vibration|1.72|Hz|2026-04-03T20:51:49Z
[sensor-03][vibration] <- OK DATA
[sensor-05][humidity] -> DATA|sensor-05|humidity|35.17|%|2026-04-03T20:51:49Z
[sensor-05][humidity] <- OK DATA
[sensor-02][temperature] -> DATA|sensor-02|temperature|54.92|C|2026-04-03T20:51:49Z
[sensor-02][temperature] <- OK DATA
[sensor-06][operational] -> DATA|sensor-06|operational|OK|state|2026-04-03T20:51:50Z
[sensor-06][operational] <- OK DATA
[sensor-06][operational] -> HEARTBEAT|sensor-06|2026-04-03T20:51:50Z
[sensor-06][operational] <- OK HEARTBEAT
[sensor-04][energy] -> DATA|sensor-04|energy|313.21|W|2026-04-03T20:51:50Z
[sensor-04][energy] <- OK DATA
[sensor-03][vibration] -> DATA|sensor-03|vibration|3.34|Hz|2026-04-03T20:51:50Z
[sensor-03][vibration] <- OK DATA
[sensor-01][temperature] -> DATA|sensor-01|temperature|21.79|C|2026-04-03T20:51:51Z
[sensor-01][temperature] <- OK DATA
[sensor-03][vibration] -> DATA|sensor-03|vibration|2.3|Hz|2026-04-03T20:51:51Z
[sensor-03][vibration] <- OK DATA
[sensor-02][temperature] -> DATA|sensor-02|temperature|55.02|C|2026-04-03T20:51:51Z
[sensor-02][temperature] <- OK DATA
[sensor-05][humidity] -> DATA|sensor-05|humidity|56.54|%|2026-04-03T20:51:52Z
[sensor-05][humidity] <- OK DATA
[sensor-04][energy] -> DATA|sensor-04|energy|593.22|W|2026-04-03T20:51:52Z
[sensor-04][energy] <- OK DATA
[sensor-01][temperature] -> DATA|sensor-01|temperature|26.95|C|2026-04-03T20:51:53Z
[sensor-01][temperature] <- OK DATA
[sensor-03][vibration] -> DATA|sensor-03|vibration|3.02|Hz|2026-04-03T20:51:53Z
[sensor-03][vibration] <- OK DATA
[sensor-02][temperature] -> DATA|sensor-02|temperature|53.43|C|2026-04-03T20:51:54Z
[sensor-02][temperature] <- OK DATA
[sensor-02][temperature] -> HEARTBEAT|sensor-02|2026-04-03T20:51:54Z
[sensor-02][temperature] <- OK HEARTBEAT
[sensor-03][vibration] -> DATA|sensor-03|vibration|2.15|Hz|2026-04-03T20:51:54Z
[sensor-03][vibration] <- OK DATA
[sensor-03][vibration] -> HEARTBEAT|sensor-03|2026-04-03T20:51:54Z
[sensor-03][vibration] <- OK HEARTBEAT
[sensor-06][operational] -> DATA|sensor-06|operational|WARNING|state|2026-04-03T20:51:55Z
[sensor-06][operational] <- OK DATA
[sensor-02][temperature] -> DATA|sensor-02|temperature|88.91|C|2026-04-03T20:51:55Z
[sensor-02][temperature] <- OK DATA
[sensor-01][temperature] -> DATA|sensor-01|temperature|27.82|C|2026-04-03T20:51:55Z
[sensor-01][temperature] <- OK DATA
[sensor-01][temperature] -> HEARTBEAT|sensor-01|2026-04-03T20:51:55Z
[sensor-01][temperature] <- OK HEARTBEAT
[sensor-04][energy] -> DATA|sensor-04|energy|261.09|W|2026-04-03T20:51:55Z
[sensor-04][energy] <- OK DATA
[sensor-04][energy] -> HEARTBEAT|sensor-04|2026-04-03T20:51:55Z
[sensor-04][energy] <- OK HEARTBEAT
[sensor-02][temperature] -> DATA|sensor-02|temperature|52.92|C|2026-04-03T20:51:56Z
[sensor-02][temperature] <- OK DATA
[sensor-05][humidity] -> DATA|sensor-05|humidity|57.44|%|2026-04-03T20:51:56Z
[sensor-05][humidity] <- OK DATA
[sensor-03][vibration] -> DATA|sensor-03|vibration|3.79|Hz|2026-04-03T20:51:56Z
[sensor-03][vibration] <- OK DATA
[sensor-01][temperature] -> DATA|sensor-01|temperature|28.83|C|2026-04-03T20:51:57Z
[sensor-01][temperature] <- OK DATA
[sensor-04][energy] -> DATA|sensor-04|energy|1126.89|W|2026-04-03T20:51:58Z
[sensor-04][energy] <- OK DATA
[sensor-02][temperature] -> DATA|sensor-02|temperature|53.61|C|2026-04-03T20:51:58Z
[sensor-02][temperature] <- OK DATA
[sensor-03][vibration] -> DATA|sensor-03|vibration|2.08|Hz|2026-04-03T20:51:59Z
[sensor-03][vibration] <- OK DATA
[sensor-06][operational] -> DATA|sensor-06|operational|OK|state|2026-04-03T20:51:59Z
[sensor-06][operational] <- OK DATA
[sensor-01][temperature] -> DATA|sensor-01|temperature|82.16|C|2026-04-03T20:51:59Z
[sensor-01][temperature] <- OK DATA
[sensor-05][humidity] -> DATA|sensor-05|humidity|57.65|%|2026-04-03T20:52:00Z
[sensor-05][humidity] <- OK DATA
[sensor-05][humidity] -> HEARTBEAT|sensor-05|2026-04-03T20:52:00Z
[sensor-05][humidity] <- OK HEARTBEAT
[sensor-02][temperature] -> DATA|sensor-02|temperature|67.5|C|2026-04-03T20:52:00Z
[sensor-02][temperature] <- OK DATA
[sensor-03][vibration] -> DATA|sensor-03|vibration|1.0|Hz|2026-04-03T20:52:01Z
[sensor-03][vibration] <- OK DATA
[sensor-04][energy] -> DATA|sensor-04|energy|562.49|W|2026-04-03T20:52:01Z
[sensor-04][energy] <- OK DATA
[sensor-01][temperature] -> DATA|sensor-01|temperature|25.8|C|2026-04-03T20:52:01Z
[sensor-01][temperature] <- OK DATA
[sensor-02][temperature] -> DATA|sensor-02|temperature|59.16|C|2026-04-03T20:52:01Z
[sensor-02][temperature] <- OK DATA
[sensor-02][temperature] -> HEARTBEAT|sensor-02|2026-04-03T20:52:01Z
[sensor-02][temperature] <- OK HEARTBEAT
[sensor-06][operational] -> DATA|sensor-06|operational|CRITICAL|state|2026-04-03T20:52:02Z
[sensor-06][operational] <- OK DATA
[sensor-03][vibration] -> DATA|sensor-03|vibration|3.68|Hz|2026-04-03T20:52:03Z
[sensor-03][vibration] <- OK DATA
[sensor-05][humidity] -> DATA|sensor-05|humidity|46.75|%|2026-04-03T20:52:03Z
[sensor-05][humidity] <- OK DATA
[sensor-01][temperature] -> DATA|sensor-01|temperature|21.17|C|2026-04-03T20:52:03Z
[sensor-01][temperature] <- OK DATA
[sensor-02][temperature] -> DATA|sensor-02|temperature|49.81|C|2026-04-03T20:52:03Z
[sensor-02][temperature] <- OK DATA
[sensor-03][vibration] -> DATA|sensor-03|vibration|2.07|Hz|2026-04-03T20:52:04Z
[sensor-03][vibration] <- OK DATA
[sensor-03][vibration] -> HEARTBEAT|sensor-03|2026-04-03T20:52:04Z
[sensor-03][vibration] <- OK HEARTBEAT
[sensor-04][energy] -> DATA|sensor-04|energy|280.4|W|2026-04-03T20:52:04Z
[sensor-04][energy] <- OK DATA
[sensor-01][temperature] -> DATA|sensor-01|temperature|23.47|C|2026-04-03T20:52:05Z
[sensor-01][temperature] <- OK DATA
[sensor-01][temperature] -> HEARTBEAT|sensor-01|2026-04-03T20:52:05Z
[sensor-01][temperature] <- OK HEARTBEAT
[sensor-02][temperature] -> DATA|sensor-02|temperature|65.31|C|2026-04-03T20:52:06Z
[sensor-02][temperature] <- OK DATA
[sensor-06][operational] -> DATA|sensor-06|operational|OK|state|2026-04-03T20:52:06Z
[sensor-06][operational] <- OK DATA
[sensor-03][vibration] -> DATA|sensor-03|vibration|1.8|Hz|2026-04-03T20:52:06Z
[sensor-03][vibration] <- OK DATA
[sensor-04][energy] -> DATA|sensor-04|energy|346.28|W|2026-04-03T20:52:07Z
[sensor-04][energy] <- OK DATA
[sensor-05][humidity] -> DATA|sensor-05|humidity|82.33|%|2026-04-03T20:52:07Z
[sensor-05][humidity] <- OK DATA
[sensor-02][temperature] -> DATA|sensor-02|temperature|46.09|C|2026-04-03T20:52:07Z
[sensor-02][temperature] <- OK DATA
[sensor-01][temperature] -> DATA|sensor-01|temperature|25.2|C|2026-04-03T20:52:08Z
[sensor-01][temperature] <- OK DATA
[sensor-03][vibration] -> DATA|sensor-03|vibration|1.64|Hz|2026-04-03T20:52:09Z
[sensor-03][vibration] <- OK DATA
[sensor-06][operational] -> DATA|sensor-06|operational|CRITICAL|state|2026-04-03T20:52:09Z
[sensor-06][operational] <- OK DATA
[sensor-06][operational] -> HEARTBEAT|sensor-06|2026-04-03T20:52:09Z
[sensor-06][operational] <- OK HEARTBEAT
[sensor-02][temperature] -> DATA|sensor-02|temperature|59.38|C|2026-04-03T20:52:09Z
[sensor-02][temperature] <- OK DATA
[sensor-01][temperature] -> DATA|sensor-01|temperature|22.58|C|2026-04-03T20:52:09Z
[sensor-01][temperature] <- OK DATA
[sensor-04][energy] -> DATA|sensor-04|energy|363.7|W|2026-04-03T20:52:10Z
[sensor-04][energy] <- OK DATA
[sensor-04][energy] -> HEARTBEAT|sensor-04|2026-04-03T20:52:10Z
[sensor-04][energy] <- OK HEARTBEAT
[sensor-03][vibration] -> DATA|sensor-03|vibration|11.49|Hz|2026-04-03T20:52:10Z
[sensor-03][vibration] <- OK DATA
[sensor-05][humidity] -> DATA|sensor-05|humidity|57.36|%|2026-04-03T20:52:11Z
[sensor-05][humidity] <- OK DATA
[sensor-02][temperature] -> DATA|sensor-02|temperature|60.9|C|2026-04-03T20:52:12Z
[sensor-02][temperature] <- OK DATA
[sensor-02][temperature] -> HEARTBEAT|sensor-02|2026-04-03T20:52:12Z
[sensor-02][temperature] <- OK HEARTBEAT
[sensor-01][temperature] -> DATA|sensor-01|temperature|24.25|C|2026-04-03T20:52:12Z
[sensor-01][temperature] <- OK DATA
[sensor-03][vibration] -> DATA|sensor-03|vibration|3.52|Hz|2026-04-03T20:52:12Z
[sensor-03][vibration] <- OK DATA
[sensor-06][operational] -> DATA|sensor-06|operational|OK|state|2026-04-03T20:52:12Z
[sensor-06][operational] <- OK DATA
[sensor-04][energy] -> DATA|sensor-04|energy|1061.57|W|2026-04-03T20:52:13Z
[sensor-04][energy] <- OK DATA
[sensor-05][humidity] -> DATA|sensor-05|humidity|55.99|%|2026-04-03T20:52:14Z
[sensor-05][humidity] <- OK DATA
[sensor-02][temperature] -> DATA|sensor-02|temperature|50.04|C|2026-04-03T20:52:14Z
[sensor-02][temperature] <- OK DATA
[sensor-03][vibration] -> DATA|sensor-03|vibration|0.24|Hz|2026-04-03T20:52:15Z
[sensor-03][vibration] <- OK DATA
[sensor-03][vibration] -> HEARTBEAT|sensor-03|2026-04-03T20:52:15Z
[sensor-03][vibration] <- OK HEARTBEAT
[sensor-01][temperature] -> DATA|sensor-01|temperature|23.82|C|2026-04-03T20:52:15Z
[sensor-01][temperature] <- OK DATA
[sensor-02][temperature] -> DATA|sensor-02|temperature|105.45|C|2026-04-03T20:52:16Z
[sensor-02][temperature] <- OK DATA
[sensor-04][energy] -> DATA|sensor-04|energy|501.14|W|2026-04-03T20:52:16Z
[sensor-04][energy] <- OK DATA
[sensor-05][humidity] -> DATA|sensor-05|humidity|56.6|%|2026-04-03T20:52:17Z
[sensor-05][humidity] <- OK DATA
[sensor-05][humidity] -> HEARTBEAT|sensor-05|2026-04-03T20:52:17Z
[sensor-05][humidity] <- OK HEARTBEAT
[sensor-01][temperature] -> DATA|sensor-01|temperature|90.36|C|2026-04-03T20:52:17Z
[sensor-01][temperature] <- OK DATA
[sensor-01][temperature] -> HEARTBEAT|sensor-01|2026-04-03T20:52:17Z
[sensor-01][temperature] <- OK HEARTBEAT
[sensor-03][vibration] -> DATA|sensor-03|vibration|1.57|Hz|2026-04-03T20:52:17Z
[sensor-03][vibration] <- OK DATA
[sensor-06][operational] -> DATA|sensor-06|operational|WARNING|state|2026-04-03T20:52:17Z
[sensor-06][operational] <- OK DATA
[sensor-02][temperature] -> DATA|sensor-02|temperature|91.39|C|2026-04-03T20:52:18Z
[sensor-02][temperature] <- OK DATA
[sensor-04][energy] -> DATA|sensor-04|energy|519.07|W|2026-04-03T20:52:18Z
[sensor-04][energy] <- OK DATA
[sensor-03][vibration] -> DATA|sensor-03|vibration|3.76|Hz|2026-04-03T20:52:19Z
[sensor-03][vibration] <- OK DATA
[sensor-01][temperature] -> DATA|sensor-01|temperature|87.23|C|2026-04-03T20:52:19Z
[sensor-01][temperature] <- OK DATA
[sensor-05][humidity] -> DATA|sensor-05|humidity|44.96|%|2026-04-03T20:52:20Z
[sensor-05][humidity] <- OK DATA
[sensor-02][temperature] -> DATA|sensor-02|temperature|49.05|C|2026-04-03T20:52:20Z
[sensor-02][temperature] <- OK DATA
[sensor-06][operational] -> DATA|sensor-06|operational|CRITICAL|state|2026-04-03T20:52:20Z
[sensor-06][operational] <- OK DATA
[sensor-01][temperature] -> DATA|sensor-01|temperature|92.42|C|2026-04-03T20:52:21Z
[sensor-01][temperature] <- OK DATA
[sensor-04][energy] -> DATA|sensor-04|energy|604.93|W|2026-04-03T20:52:21Z
[sensor-04][energy] <- OK DATA
[sensor-03][vibration] -> DATA|sensor-03|vibration|2.18|Hz|2026-04-03T20:52:21Z
[sensor-03][vibration] <- OK DATA
[sensor-02][temperature] -> DATA|sensor-02|temperature|49.74|C|2026-04-03T20:52:22Z
[sensor-02][temperature] <- OK DATA
[sensor-02][temperature] -> HEARTBEAT|sensor-02|2026-04-03T20:52:22Z
[sensor-02][temperature] <- OK HEARTBEAT
[sensor-03][vibration] -> DATA|sensor-03|vibration|2.74|Hz|2026-04-03T20:52:23Z
[sensor-03][vibration] <- OK DATA
[sensor-01][temperature] -> DATA|sensor-01|temperature|23.05|C|2026-04-03T20:52:23Z
[sensor-01][temperature] <- OK DATA
[sensor-05][humidity] -> DATA|sensor-05|humidity|37.67|%|2026-04-03T20:52:23Z
[sensor-05][humidity] <- OK DATA
[sensor-02][temperature] -> DATA|sensor-02|temperature|105.86|C|2026-04-03T20:52:23Z
[sensor-02][temperature] <- OK DATA
[sensor-04][energy] -> DATA|sensor-04|energy|305.45|W|2026-04-03T20:52:24Z
[sensor-04][energy] <- OK DATA
[sensor-04][energy] -> HEARTBEAT|sensor-04|2026-04-03T20:52:24Z
[sensor-04][energy] <- OK HEARTBEAT
[sensor-03][vibration] -> DATA|sensor-03|vibration|2.09|Hz|2026-04-03T20:52:25Z
[sensor-03][vibration] <- OK DATA
[sensor-03][vibration] -> HEARTBEAT|sensor-03|2026-04-03T20:52:25Z
[sensor-03][vibration] <- OK HEARTBEAT
[sensor-06][operational] -> DATA|sensor-06|operational|WARNING|state|2026-04-03T20:52:25Z
[sensor-06][operational] <- OK DATA
[sensor-02][temperature] -> DATA|sensor-02|temperature|96.58|C|2026-04-03T20:52:25Z
[sensor-02][temperature] <- OK DATA
[sensor-01][temperature] -> DATA|sensor-01|temperature|24.21|C|2026-04-03T20:52:26Z
[sensor-01][temperature] <- OK DATA
[sensor-03][vibration] -> DATA|sensor-03|vibration|1.35|Hz|2026-04-03T20:52:26Z
[sensor-03][vibration] <- OK DATA
[sensor-02][temperature] -> DATA|sensor-02|temperature|48.72|C|2026-04-03T20:52:27Z
[sensor-02][temperature] <- OK DATA
[sensor-05][humidity] -> DATA|sensor-05|humidity|59.38|%|2026-04-03T20:52:27Z
[sensor-05][humidity] <- OK DATA
[sensor-04][energy] -> DATA|sensor-04|energy|516.47|W|2026-04-03T20:52:28Z
[sensor-04][energy] <- OK DATA
[sensor-01][temperature] -> DATA|sensor-01|temperature|23.54|C|2026-04-03T20:52:29Z
[sensor-01][temperature] <- OK DATA
[sensor-01][temperature] -> HEARTBEAT|sensor-01|2026-04-03T20:52:29Z
[sensor-01][temperature] <- OK HEARTBEAT
[sensor-03][vibration] -> DATA|sensor-03|vibration|1.65|Hz|2026-04-03T20:52:29Z
[sensor-03][vibration] <- OK DATA
[sensor-06][operational] -> DATA|sensor-06|operational|OK|state|2026-04-03T20:52:29Z
[sensor-06][operational] <- OK DATA
[sensor-06][operational] -> HEARTBEAT|sensor-06|2026-04-03T20:52:29Z
[sensor-06][operational] <- OK HEARTBEAT
[sensor-02][temperature] -> DATA|sensor-02|temperature|53.99|C|2026-04-03T20:52:29Z
[sensor-02][temperature] <- OK DATA
[sensor-02][temperature] -> DATA|sensor-02|temperature|45.09|C|2026-04-03T20:52:30Z
[sensor-02][temperature] <- OK DATA
[sensor-02][temperature] -> HEARTBEAT|sensor-02|2026-04-03T20:52:30Z
[sensor-02][temperature] <- OK HEARTBEAT
[sensor-04][energy] -> DATA|sensor-04|energy|264.45|W|2026-04-03T20:52:30Z
[sensor-04][energy] <- OK DATA
[sensor-01][temperature] -> DATA|sensor-01|temperature|24.48|C|2026-04-03T20:52:31Z
[sensor-01][temperature] <- OK DATA
[sensor-03][vibration] -> DATA|sensor-03|vibration|3.8|Hz|2026-04-03T20:52:31Z
[sensor-03][vibration] <- OK DATA
[sensor-02][temperature] -> DATA|sensor-02|temperature|59.63|C|2026-04-03T20:52:31Z
[sensor-02][temperature] <- OK DATA
[sensor-05][humidity] -> DATA|sensor-05|humidity|52.69|%|2026-04-03T20:52:31Z
[sensor-05][humidity] <- OK DATA
[sensor-03][vibration] -> DATA|sensor-03|vibration|3.24|Hz|2026-04-03T20:52:32Z
[sensor-03][vibration] <- OK DATA
[sensor-06][operational] -> DATA|sensor-06|operational|WARNING|state|2026-04-03T20:52:32Z
[sensor-06][operational] <- OK DATA
[sensor-02][temperature] -> DATA|sensor-02|temperature|92.56|C|2026-04-03T20:52:32Z
[sensor-02][temperature] <- OK DATA
[sensor-01][temperature] -> DATA|sensor-01|temperature|20.79|C|2026-04-03T20:52:33Z
[sensor-01][temperature] <- OK DATA
[sensor-02][temperature] -> DATA|sensor-02|temperature|66.18|C|2026-04-03T20:52:34Z
[sensor-02][temperature] <- OK DATA
[sensor-03][vibration] -> DATA|sensor-03|vibration|2.1|Hz|2026-04-03T20:52:34Z
[sensor-03][vibration] <- OK DATA
[sensor-03][vibration] -> HEARTBEAT|sensor-03|2026-04-03T20:52:34Z
[sensor-03][vibration] <- OK HEARTBEAT
[sensor-04][energy] -> DATA|sensor-04|energy|589.27|W|2026-04-03T20:52:34Z
[sensor-04][energy] <- OK DATA
[sensor-05][humidity] -> DATA|sensor-05|humidity|55.87|%|2026-04-03T20:52:35Z
[sensor-05][humidity] <- OK DATA
[sensor-05][humidity] -> HEARTBEAT|sensor-05|2026-04-03T20:52:35Z
[sensor-05][humidity] <- OK HEARTBEAT
[sensor-01][temperature] -> DATA|sensor-01|temperature|24.6|C|2026-04-03T20:52:35Z
[sensor-01][temperature] <- OK DATA
[sensor-02][temperature] -> DATA|sensor-02|temperature|103.48|C|2026-04-03T20:52:36Z
[sensor-02][temperature] <- OK DATA
[sensor-03][vibration] -> DATA|sensor-03|vibration|1.54|Hz|2026-04-03T20:52:37Z
[sensor-03][vibration] <- OK DATA
[sensor-06][operational] -> DATA|sensor-06|operational|WARNING|state|2026-04-03T20:52:37Z
[sensor-06][operational] <- OK DATA
[sensor-04][energy] -> DATA|sensor-04|energy|420.82|W|2026-04-03T20:52:37Z
[sensor-04][energy] <- OK DATA
[sensor-01][temperature] -> DATA|sensor-01|temperature|22.28|C|2026-04-03T20:52:37Z
[sensor-01][temperature] <- OK DATA
[sensor-03][vibration] -> DATA|sensor-03|vibration|4.13|Hz|2026-04-03T20:52:38Z
[sensor-03][vibration] <- OK DATA
[sensor-02][temperature] -> DATA|sensor-02|temperature|64.91|C|2026-04-03T20:52:38Z
[sensor-02][temperature] <- OK DATA
[sensor-02][temperature] -> HEARTBEAT|sensor-02|2026-04-03T20:52:38Z
[sensor-02][temperature] <- OK HEARTBEAT
[sensor-05][humidity] -> DATA|sensor-05|humidity|51.03|%|2026-04-03T20:52:39Z
[sensor-05][humidity] <- OK DATA
[sensor-03][vibration] -> DATA|sensor-03|vibration|3.66|Hz|2026-04-03T20:52:39Z
[sensor-03][vibration] <- OK DATA
[sensor-04][energy] -> DATA|sensor-04|energy|933.33|W|2026-04-03T20:52:40Z
[sensor-04][energy] <- OK DATA
[sensor-04][energy] -> HEARTBEAT|sensor-04|2026-04-03T20:52:40Z
[sensor-04][energy] <- OK HEARTBEAT
[sensor-01][temperature] -> DATA|sensor-01|temperature|26.15|C|2026-04-03T20:52:40Z
[sensor-01][temperature] <- OK DATA
[sensor-01][temperature] -> HEARTBEAT|sensor-01|2026-04-03T20:52:40Z
[sensor-01][temperature] <- OK HEARTBEAT
[sensor-02][temperature] -> DATA|sensor-02|temperature|51.77|C|2026-04-03T20:52:40Z
[sensor-02][temperature] <- OK DATA
[sensor-03][vibration] -> DATA|sensor-03|vibration|9.64|Hz|2026-04-03T20:52:41Z
[sensor-03][vibration] <- OK DATA
[sensor-03][vibration] -> DATA|sensor-03|vibration|3.9|Hz|2026-04-03T20:52:42Z
[sensor-03][vibration] <- OK DATA
[sensor-03][vibration] -> HEARTBEAT|sensor-03|2026-04-03T20:52:42Z
[sensor-03][vibration] <- OK HEARTBEAT
[sensor-06][operational] -> DATA|sensor-06|operational|OK|state|2026-04-03T20:52:42Z
[sensor-06][operational] <- OK DATA
[sensor-02][temperature] -> DATA|sensor-02|temperature|58.57|C|2026-04-03T20:52:42Z
[sensor-02][temperature] <- OK DATA
[sensor-04][energy] -> DATA|sensor-04|energy|1101.58|W|2026-04-03T20:52:42Z
[sensor-04][energy] <- OK DATA
[sensor-01][temperature] -> DATA|sensor-01|temperature|25.97|C|2026-04-03T20:52:42Z
[sensor-01][temperature] <- OK DATA
[sensor-02][temperature] -> DATA|sensor-02|temperature|106.6|C|2026-04-03T20:52:43Z
[sensor-02][temperature] <- OK DATA
[sensor-05][humidity] -> DATA|sensor-05|humidity|40.94|%|2026-04-03T20:52:43Z
[sensor-05][humidity] <- OK DATA
[sensor-03][vibration] -> DATA|sensor-03|vibration|11.07|Hz|2026-04-03T20:52:43Z
[sensor-03][vibration] <- OK DATA
[sensor-02][temperature] -> DATA|sensor-02|temperature|65.06|C|2026-04-03T20:52:45Z
[sensor-02][temperature] <- OK DATA
[sensor-01][temperature] -> DATA|sensor-01|temperature|23.92|C|2026-04-03T20:52:45Z
[sensor-01][temperature] <- OK DATA
[sensor-03][vibration] -> DATA|sensor-03|vibration|4.2|Hz|2026-04-03T20:52:45Z
[sensor-03][vibration] <- OK DATA
[sensor-06][operational] -> DATA|sensor-06|operational|WARNING|state|2026-04-03T20:52:47Z
[sensor-06][operational] <- OK DATA
[sensor-04][energy] -> DATA|sensor-04|energy|428.28|W|2026-04-03T20:52:47Z
[sensor-04][energy] <- OK DATA
[sensor-02][temperature] -> DATA|sensor-02|temperature|63.9|C|2026-04-03T20:52:47Z
[sensor-02][temperature] <- OK DATA
[sensor-02][temperature] -> HEARTBEAT|sensor-02|2026-04-03T20:52:47Z
[sensor-02][temperature] <- OK HEARTBEAT
[sensor-03][vibration] -> DATA|sensor-03|vibration|1.21|Hz|2026-04-03T20:52:47Z
[sensor-03][vibration] <- OK DATA
[sensor-05][humidity] -> DATA|sensor-05|humidity|40.35|%|2026-04-03T20:52:48Z
[sensor-05][humidity] <- OK DATA
[sensor-01][temperature] -> DATA|sensor-01|temperature|22.11|C|2026-04-03T20:52:49Z
[sensor-01][temperature] <- OK DATA
[sensor-03][vibration] -> DATA|sensor-03|vibration|2.43|Hz|2026-04-03T20:52:49Z
[sensor-03][vibration] <- OK DATA
[sensor-02][temperature] -> DATA|sensor-02|temperature|60.01|C|2026-04-03T20:52:50Z
[sensor-02][temperature] <- OK DATA
[sensor-01][temperature] -> DATA|sensor-01|temperature|20.82|C|2026-04-03T20:52:51Z
[sensor-01][temperature] <- OK DATA
[sensor-04][energy] -> DATA|sensor-04|energy|557.54|W|2026-04-03T20:52:51Z
[sensor-04][energy] <- OK DATA
[sensor-06][operational] -> DATA|sensor-06|operational|WARNING|state|2026-04-03T20:52:51Z
[sensor-06][operational] <- OK DATA
[sensor-06][operational] -> HEARTBEAT|sensor-06|2026-04-03T20:52:51Z
[sensor-06][operational] <- OK HEARTBEAT
[sensor-05][humidity] -> DATA|sensor-05|humidity|49.36|%|2026-04-03T20:52:51Z
[sensor-05][humidity] <- OK DATA
[sensor-03][vibration] -> DATA|sensor-03|vibration|0.33|Hz|2026-04-03T20:52:52Z
[sensor-03][vibration] <- OK DATA
[sensor-03][vibration] -> HEARTBEAT|sensor-03|2026-04-03T20:52:52Z
[sensor-03][vibration] <- OK HEARTBEAT
[sensor-02][temperature] -> DATA|sensor-02|temperature|64.21|C|2026-04-03T20:52:52Z
[sensor-02][temperature] <- OK DATA
[sensor-01][temperature] -> DATA|sensor-01|temperature|88.39|C|2026-04-03T20:52:53Z
[sensor-01][temperature] <- OK DATA
[sensor-01][temperature] -> HEARTBEAT|sensor-01|2026-04-03T20:52:53Z
[sensor-01][temperature] <- OK HEARTBEAT
[sensor-05][humidity] -> DATA|sensor-05|humidity|55.89|%|2026-04-03T20:52:53Z
[sensor-05][humidity] <- OK DATA
[sensor-05][humidity] -> HEARTBEAT|sensor-05|2026-04-03T20:52:53Z
[sensor-05][humidity] <- OK HEARTBEAT
[sensor-03][vibration] -> DATA|sensor-03|vibration|1.61|Hz|2026-04-03T20:52:54Z
[sensor-03][vibration] <- OK DATA
[sensor-02][temperature] -> DATA|sensor-02|temperature|57.74|C|2026-04-03T20:52:54Z
[sensor-02][temperature] <- OK DATA
[sensor-04][energy] -> DATA|sensor-04|energy|568.87|W|2026-04-03T20:52:55Z
[sensor-04][energy] <- OK DATA
[sensor-01][temperature] -> DATA|sensor-01|temperature|27.66|C|2026-04-03T20:52:55Z
[sensor-01][temperature] <- OK DATA
[sensor-06][operational] -> DATA|sensor-06|operational|OK|state|2026-04-03T20:52:55Z
[sensor-06][operational] <- OK DATA
[sensor-03][vibration] -> DATA|sensor-03|vibration|1.74|Hz|2026-04-03T20:52:56Z
[sensor-03][vibration] <- OK DATA
[sensor-02][temperature] -> DATA|sensor-02|temperature|62.9|C|2026-04-03T20:52:56Z
[sensor-02][temperature] <- OK DATA
[sensor-05][humidity] -> DATA|sensor-05|humidity|40.91|%|2026-04-03T20:52:56Z
[sensor-05][humidity] <- OK DATA
[sensor-01][temperature] -> DATA|sensor-01|temperature|27.31|C|2026-04-03T20:52:57Z
[sensor-01][temperature] <- OK DATA
[sensor-02][temperature] -> DATA|sensor-02|temperature|55.8|C|2026-04-03T20:52:57Z
[sensor-02][temperature] <- OK DATA
[sensor-02][temperature] -> HEARTBEAT|sensor-02|2026-04-03T20:52:57Z
[sensor-02][temperature] <- OK HEARTBEAT
[sensor-03][vibration] -> DATA|sensor-03|vibration|3.83|Hz|2026-04-03T20:52:58Z
[sensor-03][vibration] <- OK DATA
[sensor-04][energy] -> DATA|sensor-04|energy|367.63|W|2026-04-03T20:52:58Z
[sensor-04][energy] <- OK DATA
[sensor-04][energy] -> HEARTBEAT|sensor-04|2026-04-03T20:52:58Z
[sensor-04][energy] <- OK HEARTBEAT
[sensor-05][humidity] -> DATA|sensor-05|humidity|87.22|%|2026-04-03T20:52:58Z
[sensor-05][humidity] <- OK DATA
[sensor-06][operational] -> DATA|sensor-06|operational|WARNING|state|2026-04-03T20:52:58Z
[sensor-06][operational] <- OK DATA
[sensor-01][temperature] -> DATA|sensor-01|temperature|28.11|C|2026-04-03T20:52:59Z
[sensor-01][temperature] <- OK DATA
[sensor-02][temperature] -> DATA|sensor-02|temperature|50.14|C|2026-04-03T20:53:00Z
[sensor-02][temperature] <- OK DATA
[sensor-03][vibration] -> DATA|sensor-03|vibration|2.35|Hz|2026-04-03T20:53:00Z
[sensor-03][vibration] <- OK DATA
[sensor-05][humidity] -> DATA|sensor-05|humidity|38.36|%|2026-04-03T20:53:00Z
[sensor-05][humidity] <- OK DATA
[sensor-02][temperature] -> DATA|sensor-02|temperature|58.52|C|2026-04-03T20:53:01Z
[sensor-02][temperature] <- OK DATA
[sensor-01][temperature] -> DATA|sensor-01|temperature|22.56|C|2026-04-03T20:53:01Z
[sensor-01][temperature] <- OK DATA
[sensor-06][operational] -> DATA|sensor-06|operational|WARNING|state|2026-04-03T20:53:02Z
[sensor-06][operational] <- OK DATA
[sensor-04][energy] -> DATA|sensor-04|energy|358.24|W|2026-04-03T20:53:02Z
[sensor-04][energy] <- OK DATA
[sensor-03][vibration] -> DATA|sensor-03|vibration|4.47|Hz|2026-04-03T20:53:02Z
[sensor-03][vibration] <- OK DATA
[sensor-03][vibration] -> HEARTBEAT|sensor-03|2026-04-03T20:53:02Z
[sensor-03][vibration] <- OK HEARTBEAT
[sensor-02][temperature] -> DATA|sensor-02|temperature|67.05|C|2026-04-03T20:53:03Z
[sensor-02][temperature] <- OK DATA
[sensor-01][temperature] -> DATA|sensor-01|temperature|20.81|C|2026-04-03T20:53:03Z
[sensor-01][temperature] <- OK DATA
[sensor-01][temperature] -> HEARTBEAT|sensor-01|2026-04-03T20:53:03Z
[sensor-01][temperature] <- OK HEARTBEAT
[sensor-03][vibration] -> DATA|sensor-03|vibration|0.88|Hz|2026-04-03T20:53:04Z
[sensor-03][vibration] <- OK DATA
[sensor-05][humidity] -> DATA|sensor-05|humidity|85.21|%|2026-04-03T20:53:04Z
[sensor-05][humidity] <- OK DATA
[sensor-02][temperature] -> DATA|sensor-02|temperature|52.97|C|2026-04-03T20:53:05Z
[sensor-02][temperature] <- OK DATA
[sensor-04][energy] -> DATA|sensor-04|energy|601.62|W|2026-04-03T20:53:06Z
[sensor-04][energy] <- OK DATA
[sensor-03][vibration] -> DATA|sensor-03|vibration|3.98|Hz|2026-04-03T20:53:06Z
[sensor-03][vibration] <- OK DATA
[sensor-06][operational] -> DATA|sensor-06|operational|WARNING|state|2026-04-03T20:53:06Z
[sensor-06][operational] <- OK DATA
[sensor-01][temperature] -> DATA|sensor-01|temperature|26.79|C|2026-04-03T20:53:06Z
[sensor-01][temperature] <- OK DATA
[sensor-02][temperature] -> DATA|sensor-02|temperature|55.39|C|2026-04-03T20:53:07Z
[sensor-02][temperature] <- OK DATA
[sensor-02][temperature] -> HEARTBEAT|sensor-02|2026-04-03T20:53:07Z
[sensor-02][temperature] <- OK HEARTBEAT
[sensor-05][humidity] -> DATA|sensor-05|humidity|51.39|%|2026-04-03T20:53:08Z
[sensor-05][humidity] <- OK DATA
[sensor-05][humidity] -> HEARTBEAT|sensor-05|2026-04-03T20:53:08Z
[sensor-05][humidity] <- OK HEARTBEAT
[sensor-03][vibration] -> DATA|sensor-03|vibration|0.21|Hz|2026-04-03T20:53:08Z
[sensor-03][vibration] <- OK DATA
[sensor-04][energy] -> DATA|sensor-04|energy|484.24|W|2026-04-03T20:53:08Z
[sensor-04][energy] <- OK DATA
[sensor-03][vibration] -> DATA|sensor-03|vibration|14.7|Hz|2026-04-03T20:53:09Z
[sensor-03][vibration] <- OK DATA
[sensor-02][temperature] -> DATA|sensor-02|temperature|63.44|C|2026-04-03T20:53:09Z
[sensor-02][temperature] <- OK DATA
[sensor-01][temperature] -> DATA|sensor-01|temperature|28.43|C|2026-04-03T20:53:09Z
[sensor-01][temperature] <- OK DATA
[sensor-04][energy] -> DATA|sensor-04|energy|445.89|W|2026-04-03T20:53:10Z
[sensor-04][energy] <- OK DATA
[sensor-06][operational] -> DATA|sensor-06|operational|OK|state|2026-04-03T20:53:10Z
[sensor-06][operational] <- OK DATA
[sensor-06][operational] -> HEARTBEAT|sensor-06|2026-04-03T20:53:10Z
[sensor-06][operational] <- OK HEARTBEAT
[sensor-02][temperature] -> DATA|sensor-02|temperature|62.01|C|2026-04-03T20:53:11Z
[sensor-02][temperature] <- OK DATA
[sensor-05][humidity] -> DATA|sensor-05|humidity|53.79|%|2026-04-03T20:53:11Z
[sensor-05][humidity] <- OK DATA
[sensor-03][vibration] -> DATA|sensor-03|vibration|2.45|Hz|2026-04-03T20:53:11Z
[sensor-03][vibration] <- OK DATA
[sensor-03][vibration] -> HEARTBEAT|sensor-03|2026-04-03T20:53:11Z
